[debug] [2021-01-25T18:27:11.756Z] ----------------------------------------------------------------------
[debug] [2021-01-25T18:27:11.758Z] Command:       C:\Program Files\nodejs\node.exe C:\Users\alaka\AppData\Roaming\npm\node_modules\firebase-tools\lib\bin\firebase.js init
[debug] [2021-01-25T18:27:11.758Z] CLI Version:   9.2.2
[debug] [2021-01-25T18:27:11.758Z] Platform:      win32
[debug] [2021-01-25T18:27:11.758Z] Node Version:  v14.15.4
[debug] [2021-01-25T18:27:11.760Z] Time:          Mon Jan 25 2021 20:27:11 GMT+0200 (Israel Standard Time)
[debug] [2021-01-25T18:27:11.760Z] ----------------------------------------------------------------------
[debug] [2021-01-25T18:27:11.760Z] 
[debug] [2021-01-25T18:27:11.766Z] > command requires scopes: ["email","openid","https://www.googleapis.com/auth/cloudplatformprojects.readonly","https://www.googleapis.com/auth/firebase","https://www.googleapis.com/auth/cloud-platform"]
[debug] [2021-01-25T18:27:11.766Z] > authorizing via signed-in user
[info] 
     ######## #### ########  ######## ########     ###     ######  ########
     ##        ##  ##     ## ##       ##     ##  ##   ##  ##       ##
     ######    ##  ########  ######   ########  #########  ######  ######
     ##        ##  ##    ##  ##       ##     ## ##     ##       ## ##
     ##       #### ##     ## ######## ########  ##     ##  ######  ########

You're about to initialize a Firebase project in this directory:

  C:\Windows\System32\ng-weather-app

Before we get started, keep in mind:

  * You are currently outside your home directory
  * You are initializing in an existing Firebase project directory

[info] 
=== Project Setup
[info] 
[info] First, let's associate this project directory with a Firebase project.
[info] You can create multiple project aliases by running firebase use --add, 
[info] but for now we'll just set up a default project.
[info] 
[info] i  .firebaserc already has a default project, using ng-weather-app-6ba34. 
[debug] [2021-01-25T18:27:20.682Z] > refreshing access token with scopes: []
[debug] [2021-01-25T18:27:20.683Z] >>> HTTP REQUEST POST https://www.googleapis.com/oauth2/v3/token  
 <request body omitted>
[debug] [2021-01-25T18:27:21.597Z] <<< HTTP RESPONSE 200 {"expires":"Mon, 01 Jan 1990 00:00:00 GMT","pragma":"no-cache","cache-control":"no-cache, no-store, max-age=0, must-revalidate","date":"Mon, 25 Jan 2021 18:27:21 GMT","content-type":"application/json; charset=utf-8","vary":"X-Origin, Referer, Origin,Accept-Encoding","server":"scaffolding on HTTPServer2","x-xss-protection":"0","x-frame-options":"SAMEORIGIN","x-content-type-options":"nosniff","alt-svc":"h3-29=\":443\"; ma=2592000,h3-T051=\":443\"; ma=2592000,h3-Q050=\":443\"; ma=2592000,h3-Q046=\":443\"; ma=2592000,h3-Q043=\":443\"; ma=2592000,quic=\":443\"; ma=2592000; v=\"46,43\"","accept-ranges":"none","transfer-encoding":"chunked"}
[debug] [2021-01-25T18:27:21.669Z] >>> [apiv2][query] GET https://firebase.googleapis.com/v1beta1/projects/ng-weather-app-6ba34 [none]
[debug] [2021-01-25T18:27:22.687Z] <<< [apiv2][status] GET https://firebase.googleapis.com/v1beta1/projects/ng-weather-app-6ba34 200
[debug] [2021-01-25T18:27:22.687Z] <<< [apiv2][body] GET https://firebase.googleapis.com/v1beta1/projects/ng-weather-app-6ba34 {"projectId":"ng-weather-app-6ba34","projectNumber":"134687663455","displayName":"ng weather app","name":"projects/ng-weather-app-6ba34","resources":{"hostingSite":"ng-weather-app-6ba34","realtimeDatabaseInstance":"ng-weather-app-6ba34-default-rtdb"},"state":"ACTIVE"}
[info] 
=== Database Setup
[info] i  database: ensuring required API firebasedatabase.googleapis.com is enabled... 
[debug] [2021-01-25T18:27:22.693Z] > refreshing access token with scopes: ["email","https://www.googleapis.com/auth/cloud-platform","https://www.googleapis.com/auth/cloudplatformprojects.readonly","https://www.googleapis.com/auth/firebase","openid"]
[debug] [2021-01-25T18:27:22.693Z] >>> HTTP REQUEST POST https://www.googleapis.com/oauth2/v3/token  
 <request body omitted>
[debug] [2021-01-25T18:27:23.058Z] <<< HTTP RESPONSE 200 {"pragma":"no-cache","cache-control":"no-cache, no-store, max-age=0, must-revalidate","date":"Mon, 25 Jan 2021 18:27:22 GMT","expires":"Mon, 01 Jan 1990 00:00:00 GMT","content-type":"application/json; charset=utf-8","vary":"X-Origin, Referer, Origin,Accept-Encoding","server":"scaffolding on HTTPServer2","x-xss-protection":"0","x-frame-options":"SAMEORIGIN","x-content-type-options":"nosniff","alt-svc":"h3-29=\":443\"; ma=2592000,h3-T051=\":443\"; ma=2592000,h3-Q050=\":443\"; ma=2592000,h3-Q046=\":443\"; ma=2592000,h3-Q043=\":443\"; ma=2592000,quic=\":443\"; ma=2592000; v=\"46,43\"","accept-ranges":"none","transfer-encoding":"chunked"}
[debug] [2021-01-25T18:27:23.091Z] >>> HTTP REQUEST GET https://serviceusage.googleapis.com/v1/projects/ng-weather-app-6ba34/services/firebasedatabase.googleapis.com  
 
[debug] [2021-01-25T18:27:24.469Z] <<< HTTP RESPONSE 200 {"content-type":"application/json; charset=UTF-8","vary":"X-Origin, Referer, Origin,Accept-Encoding","date":"Mon, 25 Jan 2021 18:27:24 GMT","server":"ESF","cache-control":"private","x-xss-protection":"0","x-frame-options":"SAMEORIGIN","x-content-type-options":"nosniff","alt-svc":"h3-29=\":443\"; ma=2592000,h3-T051=\":443\"; ma=2592000,h3-Q050=\":443\"; ma=2592000,h3-Q046=\":443\"; ma=2592000,h3-Q043=\":443\"; ma=2592000,quic=\":443\"; ma=2592000; v=\"46,43\"","accept-ranges":"none","transfer-encoding":"chunked"}
[info] +  database: required API firebasedatabase.googleapis.com is enabled 
[info] 
[debug] [2021-01-25T18:27:24.484Z] > refreshing access token with scopes: []
[debug] [2021-01-25T18:27:24.485Z] >>> HTTP REQUEST POST https://www.googleapis.com/oauth2/v3/token  
 <request body omitted>
[debug] [2021-01-25T18:27:24.822Z] <<< HTTP RESPONSE 200 {"pragma":"no-cache","cache-control":"no-cache, no-store, max-age=0, must-revalidate","expires":"Mon, 01 Jan 1990 00:00:00 GMT","date":"Mon, 25 Jan 2021 18:27:24 GMT","content-type":"application/json; charset=utf-8","vary":"X-Origin, Referer, Origin,Accept-Encoding","server":"scaffolding on HTTPServer2","x-xss-protection":"0","x-frame-options":"SAMEORIGIN","x-content-type-options":"nosniff","alt-svc":"h3-29=\":443\"; ma=2592000,h3-T051=\":443\"; ma=2592000,h3-Q050=\":443\"; ma=2592000,h3-Q046=\":443\"; ma=2592000,h3-Q043=\":443\"; ma=2592000,quic=\":443\"; ma=2592000; v=\"46,43\"","accept-ranges":"none","transfer-encoding":"chunked"}
[debug] [2021-01-25T18:27:24.907Z] >>> [apiv2][query] GET https://firebase.googleapis.com/v1beta1/projects/ng-weather-app-6ba34 [none]
[debug] [2021-01-25T18:27:25.338Z] <<< [apiv2][status] GET https://firebase.googleapis.com/v1beta1/projects/ng-weather-app-6ba34 200
[debug] [2021-01-25T18:27:25.338Z] <<< [apiv2][body] GET https://firebase.googleapis.com/v1beta1/projects/ng-weather-app-6ba34 {"projectId":"ng-weather-app-6ba34","projectNumber":"134687663455","displayName":"ng weather app","name":"projects/ng-weather-app-6ba34","resources":{"hostingSite":"ng-weather-app-6ba34","realtimeDatabaseInstance":"ng-weather-app-6ba34-default-rtdb"},"state":"ACTIVE"}
[debug] [2021-01-25T18:27:25.338Z] > refreshing access token with scopes: ["email","https://www.googleapis.com/auth/cloud-platform","https://www.googleapis.com/auth/cloudplatformprojects.readonly","https://www.googleapis.com/auth/firebase","openid"]
[debug] [2021-01-25T18:27:25.338Z] >>> HTTP REQUEST POST https://www.googleapis.com/oauth2/v3/token  
 <request body omitted>
[debug] [2021-01-25T18:27:25.644Z] <<< HTTP RESPONSE 200 {"cache-control":"no-cache, no-store, max-age=0, must-revalidate","pragma":"no-cache","date":"Mon, 25 Jan 2021 18:27:25 GMT","expires":"Mon, 01 Jan 1990 00:00:00 GMT","content-type":"application/json; charset=utf-8","vary":"X-Origin, Referer, Origin,Accept-Encoding","server":"scaffolding on HTTPServer2","x-xss-protection":"0","x-frame-options":"SAMEORIGIN","x-content-type-options":"nosniff","alt-svc":"h3-29=\":443\"; ma=2592000,h3-T051=\":443\"; ma=2592000,h3-Q050=\":443\"; ma=2592000,h3-Q046=\":443\"; ma=2592000,h3-Q043=\":443\"; ma=2592000,quic=\":443\"; ma=2592000; v=\"46,43\"","accept-ranges":"none","transfer-encoding":"chunked"}
[debug] [2021-01-25T18:27:25.652Z] >>> HTTP REQUEST GET https://firebasedatabase.googleapis.com/v1beta/projects/ng-weather-app-6ba34/locations/-/instances/ng-weather-app-6ba34-default-rtdb  
 
[debug] [2021-01-25T18:27:26.433Z] <<< HTTP RESPONSE 200 {"content-type":"application/json; charset=UTF-8","vary":"X-Origin, Referer, Origin,Accept-Encoding","date":"Mon, 25 Jan 2021 18:27:26 GMT","server":"ESF","cache-control":"private","x-xss-protection":"0","x-frame-options":"SAMEORIGIN","x-content-type-options":"nosniff","alt-svc":"h3-29=\":443\"; ma=2592000,h3-T051=\":443\"; ma=2592000,h3-Q050=\":443\"; ma=2592000,h3-Q046=\":443\"; ma=2592000,h3-Q043=\":443\"; ma=2592000,quic=\":443\"; ma=2592000; v=\"46,43\"","accept-ranges":"none","transfer-encoding":"chunked"}
[info] 
[info] Firebase Realtime Database Security Rules allow you to define how your data should be
[info] structured and when your data can be read from and written to.
[info] 
[debug] [2021-01-25T18:27:36.625Z] >>> HTTP REQUEST GET https://ng-weather-app-6ba34-default-rtdb.europe-west1.firebasedatabase.app/.settings/rules.json  
 
[debug] [2021-01-25T18:27:37.640Z] <<< HTTP RESPONSE 200 {"server":"nginx","date":"Mon, 25 Jan 2021 18:27:37 GMT","content-type":"application/json; charset=utf-8","content-length":"161","connection":"keep-alive","access-control-allow-origin":"*","cache-control":"no-cache","strict-transport-security":"max-age=31556926; includeSubDomains; preload"}
[debug] [2021-01-25T18:27:37.888Z] Error: EISDIR: illegal operation on a directory, open 'C:\Windows\System32\ng-weather-app\dist'
    at Object.openSync (fs.js:476:3)
    at Object.writeFileSync (fs.js:1467:35)
    at Config.writeProjectFile (C:\Users\alaka\AppData\Roaming\npm\node_modules\firebase-tools\lib\config.js:156:8)
    at writeDBRules (C:\Users\alaka\AppData\Roaming\npm\node_modules\firebase-tools\lib\init\features\database.js:27:12)
    at Object.doSetup [as database] (C:\Users\alaka\AppData\Roaming\npm\node_modules\firebase-tools\lib\init\features\database.js:113:13)
    at processTicksAndRejections (internal/process/task_queues.js:93:5)
    at async init (C:\Users\alaka\AppData\Roaming\npm\node_modules\firebase-tools\lib\init\index.js:19:9)
[error] 
[error] Error: An unexpected error has occurred.
[debug] [2021-01-25T19:19:33.770Z] ----------------------------------------------------------------------
[debug] [2021-01-25T19:19:33.771Z] Command:       C:\Program Files\nodejs\node.exe C:\Users\alaka\AppData\Roaming\npm\node_modules\firebase-tools\lib\bin\firebase.js init hosting
[debug] [2021-01-25T19:19:33.772Z] CLI Version:   9.2.2
[debug] [2021-01-25T19:19:33.772Z] Platform:      win32
[debug] [2021-01-25T19:19:33.772Z] Node Version:  v14.15.4
[debug] [2021-01-25T19:19:33.777Z] Time:          Mon Jan 25 2021 21:19:33 GMT+0200 (Israel Standard Time)
[debug] [2021-01-25T19:19:33.777Z] ----------------------------------------------------------------------
[debug] [2021-01-25T19:19:33.778Z] 
[debug] [2021-01-25T19:19:33.783Z] > command requires scopes: ["email","openid","https://www.googleapis.com/auth/cloudplatformprojects.readonly","https://www.googleapis.com/auth/firebase","https://www.googleapis.com/auth/cloud-platform"]
[debug] [2021-01-25T19:19:33.783Z] > authorizing via signed-in user
[info] 
     ######## #### ########  ######## ########     ###     ######  ########
     ##        ##  ##     ## ##       ##     ##  ##   ##  ##       ##
     ######    ##  ########  ######   ########  #########  ######  ######
     ##        ##  ##    ##  ##       ##     ## ##     ##       ## ##
     ##       #### ##     ## ######## ########  ##     ##  ######  ########

You're about to initialize a Firebase project in this directory:

  C:\Windows\System32\ng-weather-app

Before we get started, keep in mind:

  * You are currently outside your home directory
  * You are initializing in an existing Firebase project directory

[info] 
=== Project Setup
[info] 
[info] First, let's associate this project directory with a Firebase project.
[info] You can create multiple project aliases by running firebase use --add, 
[info] but for now we'll just set up a default project.
[info] 
[info] i  .firebaserc already has a default project, using ng-weather-app-6ba34. 
[debug] [2021-01-25T19:19:33.991Z] > refreshing access token with scopes: []
[debug] [2021-01-25T19:19:33.992Z] >>> HTTP REQUEST POST https://www.googleapis.com/oauth2/v3/token  
 <request body omitted>
[debug] [2021-01-25T19:19:34.348Z] <<< HTTP RESPONSE 200 {"pragma":"no-cache","cache-control":"no-cache, no-store, max-age=0, must-revalidate","expires":"Mon, 01 Jan 1990 00:00:00 GMT","date":"Mon, 25 Jan 2021 19:19:34 GMT","content-type":"application/json; charset=utf-8","vary":"X-Origin, Referer, Origin,Accept-Encoding","server":"scaffolding on HTTPServer2","x-xss-protection":"0","x-frame-options":"SAMEORIGIN","x-content-type-options":"nosniff","alt-svc":"h3-29=\":443\"; ma=2592000,h3-T051=\":443\"; ma=2592000,h3-Q050=\":443\"; ma=2592000,h3-Q046=\":443\"; ma=2592000,h3-Q043=\":443\"; ma=2592000,quic=\":443\"; ma=2592000; v=\"46,43\"","accept-ranges":"none","transfer-encoding":"chunked"}
[debug] [2021-01-25T19:19:34.357Z] >>> [apiv2][query] GET https://firebase.googleapis.com/v1beta1/projects/ng-weather-app-6ba34 [none]
[debug] [2021-01-25T19:19:34.718Z] <<< [apiv2][status] GET https://firebase.googleapis.com/v1beta1/projects/ng-weather-app-6ba34 200
[debug] [2021-01-25T19:19:34.718Z] <<< [apiv2][body] GET https://firebase.googleapis.com/v1beta1/projects/ng-weather-app-6ba34 {"projectId":"ng-weather-app-6ba34","projectNumber":"134687663455","displayName":"ng weather app","name":"projects/ng-weather-app-6ba34","resources":{"hostingSite":"ng-weather-app-6ba34","realtimeDatabaseInstance":"ng-weather-app-6ba34-default-rtdb","storageBucket":"ng-weather-app-6ba34.appspot.com","locationId":"us-central"},"state":"ACTIVE"}
[info] 
=== Hosting Setup
[info] 
[info] Your public directory is the folder (relative to your project directory) that
[info] will contain Hosting assets to be uploaded with firebase deploy. If you
[info] have a build process for your assets, use your build's output directory.
[info] 
[debug] [2021-01-25T19:20:06.483Z] >>> [apiv2][query] GET https://www.gstatic.com/firebasejs/releases.json [none]
[debug] [2021-01-25T19:20:06.730Z] <<< [apiv2][status] GET https://www.gstatic.com/firebasejs/releases.json 200
[debug] [2021-01-25T19:20:06.730Z] <<< [apiv2][body] GET https://www.gstatic.com/firebasejs/releases.json {"current":{"version":"8.2.4","browserURL":"https://www.gstatic.com/firebasejs/8.2.4/firebase.js","packageURL":"https://www.gstatic.com/firebasejs/8.2.4/firebase.tgz"},"live":{"version":"8.2","browserURL":"https://www.gstatic.com/firebasejs/live/8.2/firebase.js","packageURL":"https://www.gstatic.com/firebasejs/live/8.2/firebase.tgz"},"components":{"analytics":"https://www.gstatic.com/firebasejs/8.2.4/firebase-analytics.js","app":"https://www.gstatic.com/firebasejs/8.2.4/firebase-app.js","auth":"https://www.gstatic.com/firebasejs/8.2.4/firebase-auth.js","database":"https://www.gstatic.com/firebasejs/8.2.4/firebase-database.js","firestore":"https://www.gstatic.com/firebasejs/8.2.4/firebase-firestore.js","functions":"https://www.gstatic.com/firebasejs/8.2.4/firebase-functions.js","installations":"https://www.gstatic.com/firebasejs/8.2.4/firebase-installations.js","messaging":"https://www.gstatic.com/firebasejs/8.2.4/firebase-messaging.js","storage":"https://www.gstatic.com/firebasejs/8.2.4/firebase-storage.js","performance":"https://www.gstatic.com/firebasejs/8.2.4/firebase-performance.js","remote-config":"https://www.gstatic.com/firebasejs/8.2.4/firebase-remote-config.js","firestore.memory":"https://www.gstatic.com/firebasejs/8.2.4/firebase-firestore.memory.js"}}
[info] +  Wrote dist/index.html 
[info] 
[info] i  Didn't detect a .git folder. Assuming C:\Windows\System32\ng-weather-app is the project root. 
[info] i  Authorizing with GitHub to upload your service account to a GitHub repository's secrets store. 
[info] 
[info] Visit this URL on this device to log in:
[info] https://github.com/login/oauth/authorize?client_id=89cf50f02ac6aaed3484&state=520997991&redirect_uri=http%3A%2F%2Flocalhost%3A9005&scope=read%3Auser%20repo%20public_repo
[info] 
[info] Waiting for authentication...
[debug] [2021-01-25T19:20:17.201Z] >>> HTTP REQUEST POST https://github.com/login/oauth/access_token  
 {"client_id":"89cf50f02ac6aaed3484","client_secret":"3330d14abc895d9a74d5f17cd7a00711fa2c5bf0","code":"3797af19aa4912701a11","redirect_uri":"http://localhost:9005","state":"520997991"}
[debug] [2021-01-25T19:20:17.746Z] <<< HTTP RESPONSE 200 {"date":"Mon, 25 Jan 2021 19:20:17 GMT","content-type":"application/json; charset=utf-8","transfer-encoding":"chunked","server":"GitHub.com","status":"200 OK","vary":"X-PJAX, Accept-Encoding, Accept, X-Requested-With, Accept-Encoding","etag":"W/\"798bf5cc51a35b71e8d1ec3032086040\"","cache-control":"max-age=0, private, must-revalidate","strict-transport-security":"max-age=31536000; includeSubdomains; preload","x-frame-options":"deny","x-content-type-options":"nosniff","x-xss-protection":"1; mode=block","referrer-policy":"origin-when-cross-origin, strict-origin-when-cross-origin","expect-ct":"max-age=2592000, report-uri=\"https://api.github.com/_private/browser/errors\"","content-security-policy":"default-src 'none'; base-uri 'self'; block-all-mixed-content; connect-src 'self' uploads.github.com www.githubstatus.com collector.githubapp.com api.github.com github-cloud.s3.amazonaws.com github-production-repository-file-5c1aeb.s3.amazonaws.com github-production-upload-manifest-file-7fdce7.s3.amazonaws.com github-production-user-asset-6210df.s3.amazonaws.com cdn.optimizely.com logx.optimizely.com/v1/events wss://alive.github.com; font-src github.githubassets.com; form-action 'self' github.com gist.github.com; frame-ancestors 'none'; frame-src render.githubusercontent.com; img-src 'self' data: github.githubassets.com identicons.github.com collector.githubapp.com github-cloud.s3.amazonaws.com *.githubusercontent.com; manifest-src 'self'; media-src 'none'; script-src github.githubassets.com; style-src 'unsafe-inline' github.githubassets.com; worker-src github.com/socket-worker-5029ae85.js gist.github.com/socket-worker-5029ae85.js","x-github-request-id":"EA37:ADA8:3177724:3E940DA:600F19F1"}
[debug] [2021-01-25T19:20:17.747Z] >>> [apiv2][query] GET https://api.github.com/user [none]
[debug] [2021-01-25T19:20:18.228Z] <<< [apiv2][status] GET https://api.github.com/user 200
[debug] [2021-01-25T19:20:18.228Z] <<< [apiv2][body] GET https://api.github.com/user {"login":"shobaro1101","id":59068065,"node_id":"MDQ6VXNlcjU5MDY4MDY1","avatar_url":"https://avatars.githubusercontent.com/u/59068065?v=4","gravatar_id":"","url":"https://api.github.com/users/shobaro1101","html_url":"https://github.com/shobaro1101","followers_url":"https://api.github.com/users/shobaro1101/followers","following_url":"https://api.github.com/users/shobaro1101/following{/other_user}","gists_url":"https://api.github.com/users/shobaro1101/gists{/gist_id}","starred_url":"https://api.github.com/users/shobaro1101/starred{/owner}{/repo}","subscriptions_url":"https://api.github.com/users/shobaro1101/subscriptions","organizations_url":"https://api.github.com/users/shobaro1101/orgs","repos_url":"https://api.github.com/users/shobaro1101/repos","events_url":"https://api.github.com/users/shobaro1101/events{/privacy}","received_events_url":"https://api.github.com/users/shobaro1101/received_events","type":"User","site_admin":false,"name":null,"company":null,"blog":"","location":null,"email":null,"hireable":null,"bio":null,"twitter_username":null,"public_repos":2,"public_gists":0,"followers":0,"following":0,"created_at":"2019-12-19T20:49:23Z","updated_at":"2021-01-24T22:00:37Z","private_gists":0,"total_private_repos":2,"owned_private_repos":2,"disk_usage":181,"collaborators":0,"two_factor_authentication":false,"plan":{"name":"free","space":976562499,"collaborators":0,"private_repos":10000}}
[info] 
[info] +  Success! Logged into GitHub as shobaro1101 
[info] 
[debug] [2021-01-25T19:20:42.412Z] ----------------------------------------------------------------------
[debug] [2021-01-25T19:20:42.413Z] Command:       C:\Program Files\nodejs\node.exe C:\Users\alaka\AppData\Roaming\npm\node_modules\firebase-tools\lib\bin\firebase.js init hosting:github
[debug] [2021-01-25T19:20:42.414Z] CLI Version:   9.2.2
[debug] [2021-01-25T19:20:42.414Z] Platform:      win32
[debug] [2021-01-25T19:20:42.414Z] Node Version:  v14.15.4
[debug] [2021-01-25T19:20:42.416Z] Time:          Mon Jan 25 2021 21:20:42 GMT+0200 (Israel Standard Time)
[debug] [2021-01-25T19:20:42.416Z] ----------------------------------------------------------------------
[debug] [2021-01-25T19:20:42.416Z] 
[debug] [2021-01-25T19:20:42.422Z] > command requires scopes: ["email","openid","https://www.googleapis.com/auth/cloudplatformprojects.readonly","https://www.googleapis.com/auth/firebase","https://www.googleapis.com/auth/cloud-platform"]
[debug] [2021-01-25T19:20:42.422Z] > authorizing via signed-in user
[info] 
     ######## #### ########  ######## ########     ###     ######  ########
     ##        ##  ##     ## ##       ##     ##  ##   ##  ##       ##
     ######    ##  ########  ######   ########  #########  ######  ######
     ##        ##  ##    ##  ##       ##     ## ##     ##       ## ##
     ##       #### ##     ## ######## ########  ##     ##  ######  ########

You're about to initialize a Firebase project in this directory:

  C:\Windows\System32\ng-weather-app

Before we get started, keep in mind:

  * You are currently outside your home directory
  * You are initializing in an existing Firebase project directory

[info] 
=== Project Setup
[info] 
[info] First, let's associate this project directory with a Firebase project.
[info] You can create multiple project aliases by running firebase use --add, 
[info] but for now we'll just set up a default project.
[info] 
[info] i  .firebaserc already has a default project, using ng-weather-app-6ba34. 
[debug] [2021-01-25T19:20:42.549Z] >>> [apiv2][query] GET https://firebase.googleapis.com/v1beta1/projects/ng-weather-app-6ba34 [none]
[debug] [2021-01-25T19:20:42.943Z] <<< [apiv2][status] GET https://firebase.googleapis.com/v1beta1/projects/ng-weather-app-6ba34 200
[debug] [2021-01-25T19:20:42.943Z] <<< [apiv2][body] GET https://firebase.googleapis.com/v1beta1/projects/ng-weather-app-6ba34 {"projectId":"ng-weather-app-6ba34","projectNumber":"134687663455","displayName":"ng weather app","name":"projects/ng-weather-app-6ba34","resources":{"hostingSite":"ng-weather-app-6ba34","realtimeDatabaseInstance":"ng-weather-app-6ba34-default-rtdb","storageBucket":"ng-weather-app-6ba34.appspot.com","locationId":"us-central"},"state":"ACTIVE"}
[info] 
=== Hosting:github Setup
[info] 
[info] i  Didn't detect a .git folder. Assuming C:\Windows\System32\ng-weather-app is the project root. 
[info] i  Authorizing with GitHub to upload your service account to a GitHub repository's secrets store. 
[info] 
[info] Visit this URL on this device to log in:
[info] https://github.com/login/oauth/authorize?client_id=89cf50f02ac6aaed3484&state=973250300&redirect_uri=http%3A%2F%2Flocalhost%3A9005&scope=read%3Auser%20repo%20public_repo
[info] 
[info] Waiting for authentication...
[debug] [2021-01-25T19:20:43.755Z] >>> HTTP REQUEST POST https://github.com/login/oauth/access_token  
 {"client_id":"89cf50f02ac6aaed3484","client_secret":"3330d14abc895d9a74d5f17cd7a00711fa2c5bf0","code":"dff7b62be260e6ee7387","redirect_uri":"http://localhost:9005","state":"973250300"}
[debug] [2021-01-25T19:20:44.229Z] <<< HTTP RESPONSE 200 {"date":"Mon, 25 Jan 2021 19:20:43 GMT","content-type":"application/json; charset=utf-8","transfer-encoding":"chunked","server":"GitHub.com","status":"200 OK","vary":"X-PJAX, Accept-Encoding, Accept, X-Requested-With, Accept-Encoding","etag":"W/\"49a35473ca60116ba1fd40a00b6c6d46\"","cache-control":"max-age=0, private, must-revalidate","strict-transport-security":"max-age=31536000; includeSubdomains; preload","x-frame-options":"deny","x-content-type-options":"nosniff","x-xss-protection":"1; mode=block","referrer-policy":"origin-when-cross-origin, strict-origin-when-cross-origin","expect-ct":"max-age=2592000, report-uri=\"https://api.github.com/_private/browser/errors\"","content-security-policy":"default-src 'none'; base-uri 'self'; block-all-mixed-content; connect-src 'self' uploads.github.com www.githubstatus.com collector.githubapp.com api.github.com github-cloud.s3.amazonaws.com github-production-repository-file-5c1aeb.s3.amazonaws.com github-production-upload-manifest-file-7fdce7.s3.amazonaws.com github-production-user-asset-6210df.s3.amazonaws.com cdn.optimizely.com logx.optimizely.com/v1/events wss://alive.github.com; font-src github.githubassets.com; form-action 'self' github.com gist.github.com; frame-ancestors 'none'; frame-src render.githubusercontent.com; img-src 'self' data: github.githubassets.com identicons.github.com collector.githubapp.com github-cloud.s3.amazonaws.com *.githubusercontent.com; manifest-src 'self'; media-src 'none'; script-src github.githubassets.com; style-src 'unsafe-inline' github.githubassets.com; worker-src github.com/socket-worker-5029ae85.js gist.github.com/socket-worker-5029ae85.js","x-github-request-id":"EA47:53BB:15ECFB3:1B84374:600F1A0B"}
[debug] [2021-01-25T19:20:44.230Z] >>> [apiv2][query] GET https://api.github.com/user [none]
[debug] [2021-01-25T19:20:44.765Z] <<< [apiv2][status] GET https://api.github.com/user 200
[debug] [2021-01-25T19:20:44.765Z] <<< [apiv2][body] GET https://api.github.com/user {"login":"shobaro1101","id":59068065,"node_id":"MDQ6VXNlcjU5MDY4MDY1","avatar_url":"https://avatars.githubusercontent.com/u/59068065?v=4","gravatar_id":"","url":"https://api.github.com/users/shobaro1101","html_url":"https://github.com/shobaro1101","followers_url":"https://api.github.com/users/shobaro1101/followers","following_url":"https://api.github.com/users/shobaro1101/following{/other_user}","gists_url":"https://api.github.com/users/shobaro1101/gists{/gist_id}","starred_url":"https://api.github.com/users/shobaro1101/starred{/owner}{/repo}","subscriptions_url":"https://api.github.com/users/shobaro1101/subscriptions","organizations_url":"https://api.github.com/users/shobaro1101/orgs","repos_url":"https://api.github.com/users/shobaro1101/repos","events_url":"https://api.github.com/users/shobaro1101/events{/privacy}","received_events_url":"https://api.github.com/users/shobaro1101/received_events","type":"User","site_admin":false,"name":null,"company":null,"blog":"","location":null,"email":null,"hireable":null,"bio":null,"twitter_username":null,"public_repos":2,"public_gists":0,"followers":0,"following":0,"created_at":"2019-12-19T20:49:23Z","updated_at":"2021-01-24T22:00:37Z","private_gists":0,"total_private_repos":2,"owned_private_repos":2,"disk_usage":181,"collaborators":0,"two_factor_authentication":false,"plan":{"name":"free","space":976562499,"collaborators":0,"private_repos":10000}}
[info] 
[info] +  Success! Logged into GitHub as shobaro1101 
[info] 
